\BOOKMARK [0][-]{chapter.listoftables.1}{Introdu\347\343o}{}% 1
\BOOKMARK [1][-]{section.listoftables.1.1}{Objetivos}{chapter.listoftables.1}% 2
\BOOKMARK [1][-]{section.listoftables.1.2}{Metodologia}{chapter.listoftables.1}% 3
\BOOKMARK [1][-]{section.listoftables.1.3}{Organiza\347\343o do trabalho}{chapter.listoftables.1}% 4
\BOOKMARK [0][-]{chapter.listoftables.2}{Reconhecimento de gestos}{}% 5
\BOOKMARK [1][-]{section.listoftables.2.1}{Trabalhos anteriores}{chapter.listoftables.2}% 6
\BOOKMARK [1][-]{section.listoftables.2.2}{Vis\343o Computacional}{chapter.listoftables.2}% 7
\BOOKMARK [2][-]{subsection.listoftables.2.2.1}{Caracter\355sticas para reconhecimento de posturas}{section.listoftables.2.2}% 8
\BOOKMARK [1][-]{section.listoftables.2.3}{Processo de Classifica\347\343o}{chapter.listoftables.2}% 9
\BOOKMARK [2][-]{subsection.listoftables.2.3.1}{Cadeias Ocultas de Markov}{section.listoftables.2.3}% 10
\BOOKMARK [2][-]{subsection.listoftables.2.3.2}{Algoritmo de Viterbi}{section.listoftables.2.3}% 11
\BOOKMARK [2][-]{subsection.listoftables.2.3.3}{Algoritmo de Baum-Welch}{section.listoftables.2.3}% 12
\BOOKMARK [0][-]{chapter.listoftables.3}{Modelo de reconhecimento de gestos}{}% 13
\BOOKMARK [1][-]{section.listoftables.3.1}{Captura e segmenta\347\343o}{chapter.listoftables.3}% 14
\BOOKMARK [2][-]{subsection.listoftables.3.1.1}{Extra\347\343o do fundo}{section.listoftables.3.1}% 15
\BOOKMARK [2][-]{subsection.listoftables.3.1.2}{Processamento das imagens}{section.listoftables.3.1}% 16
\BOOKMARK [2][-]{subsection.listoftables.3.1.3}{Elimina\347\343o de detec\347\365es desnecess\341rias}{section.listoftables.3.1}% 17
\BOOKMARK [1][-]{section.listoftables.3.2}{Modelo do vetor de caracter\355sticas}{chapter.listoftables.3}% 18
\BOOKMARK [2][-]{subsection.listoftables.3.2.1}{Modelo de reconhecimento de padr\365es}{section.listoftables.3.2}% 19
\BOOKMARK [1][-]{section.listoftables.3.3}{Modelagem das HMMs}{chapter.listoftables.3}% 20
\BOOKMARK [2][-]{subsection.listoftables.3.3.1}{Processo de treinamento}{section.listoftables.3.3}% 21
\BOOKMARK [2][-]{subsection.listoftables.3.3.2}{Modelo de identifica\347\343o}{section.listoftables.3.3}% 22
\BOOKMARK [0][-]{chapter.listoftables.4}{Intera\347\343o com o avatar}{}% 23
\BOOKMARK [1][-]{section.listoftables.4.1}{Criando as anima\347\365es}{chapter.listoftables.4}% 24
\BOOKMARK [1][-]{section.listoftables.4.2}{Criando as intera\347\365es}{chapter.listoftables.4}% 25
\BOOKMARK [0][-]{chapter.listoftables.5}{Resultados e discuss\365es}{}% 26
\BOOKMARK [1][-]{section.listoftables.5.1}{A aplica\347\343o em intera\347\343o com objetos virtuais}{chapter.listoftables.5}% 27
\BOOKMARK [0][-]{chapter.listoftables.6}{Conclus\365es e trabalhos futuros}{}% 28
\BOOKMARK [1][-]{section.listoftables.6.1}{Trabalhos futuros}{chapter.listoftables.6}% 29
\BOOKMARK [0][-]{section.listoftables.6.1}{Refer\352ncias Bibliogr\341ficas}{}% 30
